<?xml version="1.0" encoding="UTF-8"?>
<!-- Generated by org.testng.reporters.JUnitXMLReporter -->
<testsuite ignored="0" hostname="Nagaraju" failures="0" tests="4" name="firefoxtest" time="2.876" errors="0" timestamp="2025-04-06T11:25:06 IST">
  <testcase classname="testCases.TC03_LoginDataDrivenTest" name="verify_LoginDDT" time="0.0">
    <skipped/>
  </testcase> <!-- verify_LoginDDT -->
  <testcase classname="testCases.TC03_LoginDataDrivenTest" name="verify_LoginDDT" time="0.0">
    <skipped/>
  </testcase> <!-- verify_LoginDDT -->
  <testcase classname="testCases.TC03_LoginDataDrivenTest" name="verify_LoginDDT" time="0.0">
    <skipped/>
  </testcase> <!-- verify_LoginDDT -->
  <testcase classname="testCases.TC03_LoginDataDrivenTest" name="verify_LoginDDT" time="0.0">
    <skipped/>
  </testcase> <!-- verify_LoginDDT -->
</testsuite> <!-- firefoxtest -->
