<?xml version="1.0" encoding="UTF-8"?>
<!-- Generated by org.testng.reporters.JUnitXMLReporter -->
<testsuite ignored="0" hostname="Nagaraju" failures="1" tests="7" name="chrometest" time="42.285" errors="0" timestamp="2025-04-10T22:41:32 IST">
  <testcase classname="testCases.Tc01_Accountregistrationtest" name="verify_account_regestration" time="2.545"/>
  <testcase classname="testCases.TC02_LoginToMyAccount" name="verify_login_account" time="1.976"/>
  <testcase classname="testCases.TC03_LoginDataDrivenTest" name="verify_LoginDDT" time="2.588">
    <failure type="java.lang.AssertionError" message="expected [true] but found [false]">
      <![CDATA[java.lang.AssertionError: expected [true] but found [false]
at testCases.TC03_LoginDataDrivenTest.verify_LoginDDT(TC03_LoginDataDrivenTest.java:71)
at java.base/java.util.ArrayList.forEach(ArrayList.java:1597)
... Removed 29 stack frames]]>
    </failure>
  </testcase> <!-- verify_LoginDDT -->
  <testcase classname="testCases.TC03_LoginDataDrivenTest" name="verify_LoginDDT" time="2.621"/>
  <testcase classname="testCases.TC03_LoginDataDrivenTest" name="verify_LoginDDT" time="5.875"/>
  <testcase classname="testCases.TC03_LoginDataDrivenTest" name="verify_LoginDDT" time="6.848"/>
  <testcase classname="testCases.TC04_Search" name="verify_search" time="3.391"/>
</testsuite> <!-- chrometest -->
