<?xml version="1.0" encoding="UTF-8"?>
<testng-results ignored="0" total="1" passed="1" failed="0" skipped="0">
  <reporter-output>
  </reporter-output>
  <suite started-at="2025-05-12T20:43:03 IST" name="Suite" finished-at="2025-05-12T20:43:14 IST" duration-ms="11495">
    <groups>
      <group name="Master">
        <method signature="TC05_AddToCart.AddToCart_Test()[pri:0, instance:testCases.TC05_AddToCart@2de56eb2]" name="AddToCart_Test" class="testCases.TC05_AddToCart"/>
      </group> <!-- Master -->
      <group name="sanity">
        <method signature="TC05_AddToCart.AddToCart_Test()[pri:0, instance:testCases.TC05_AddToCart@2de56eb2]" name="AddToCart_Test" class="testCases.TC05_AddToCart"/>
      </group> <!-- sanity -->
    </groups>
    <test started-at="2025-05-12T20:43:03 IST" name="test" finished-at="2025-05-12T20:43:14 IST" duration-ms="11495">
      <class name="testCases.TC05_AddToCart">
        <test-method is-config="true" signature="setup(java.lang.String,java.lang.String)[pri:0, instance:testCases.TC05_AddToCart@2de56eb2]" started-at="2025-05-12T20:43:03 IST" name="setup" finished-at="2025-05-12T20:43:09 IST" duration-ms="5458" status="PASS">
          <params>
            <param index="0">
              <value>
                <![CDATA[Windows]]>
              </value>
            </param>
            <param index="1">
              <value>
                <![CDATA[edge]]>
              </value>
            </param>
          </params>
          <reporter-output>
          </reporter-output>
        </test-method> <!-- setup -->
        <test-method signature="AddToCart_Test()[pri:0, instance:testCases.TC05_AddToCart@2de56eb2]" started-at="2025-05-12T20:43:09 IST" name="AddToCart_Test" finished-at="2025-05-12T20:43:11 IST" duration-ms="2737" status="PASS">
          <reporter-output>
          </reporter-output>
        </test-method> <!-- AddToCart_Test -->
        <test-method is-config="true" signature="teardown()[pri:0, instance:testCases.TC05_AddToCart@2de56eb2]" started-at="2025-05-12T20:43:11 IST" name="teardown" finished-at="2025-05-12T20:43:14 IST" duration-ms="2706" status="PASS">
          <reporter-output>
          </reporter-output>
        </test-method> <!-- teardown -->
      </class> <!-- testCases.TC05_AddToCart -->
    </test> <!-- test -->
  </suite> <!-- Suite -->
</testng-results>
